<?xml version="1.0" encoding="UTF-8"?>
<testsuite name="ComputerRepairRequestTest" tests="2" skipped="0" failures="0" errors="0" timestamp="2025-03-05T15:03:49" hostname="sebiflorinp-Zenbook-UM3402YA-UM3402YA" time="0.012">
  <properties/>
  <testcase name="First test" classname="ComputerRepairRequestTest" time="0.01"/>
  <testcase name="Second test" classname="ComputerRepairRequestTest" time="0.001"/>
  <system-out><![CDATA[]]></system-out>
  <system-err><![CDATA[]]></system-err>
</testsuite>
