<?xml version="1.0" encoding="UTF-8"?>
<testsuite name="ComputerRepairRequestTest" tests="2" skipped="0" failures="0" errors="0" timestamp="2025-03-12T15:44:48" hostname="sebiflorinp-Zenbook-UM3402YA-UM3402YA" time="0.028">
  <properties/>
  <testcase name="First test" classname="ComputerRepairRequestTest" time="0.023"/>
  <testcase name="Second test" classname="ComputerRepairRequestTest" time="0.002"/>
  <system-out><![CDATA[]]></system-out>
  <system-err><![CDATA[]]></system-err>
</testsuite>
